{"uid":"26d765122583bef2","name":"Delete existing label for authorized user","fullName":"src/test/resources/features/labels-web.feature:24","historyId":"834f69d744f8f1c3b86b99aaded59482","time":{"start":1693583860223,"stop":1693583862250,"duration":2027},"status":"failed","statusMessage":"expected [another text] but found [hello]","statusTrace":"java.lang.AssertionError: expected [another text] but found [hello]\n\tat org.testng.Assert.fail(Assert.java:111)\n\tat org.testng.Assert.failNotEquals(Assert.java:1578)\n\tat org.testng.Assert.assertEqualsImpl(Assert.java:150)\n\tat org.testng.Assert.assertEquals(Assert.java:132)\n\tat org.testng.Assert.assertEquals(Assert.java:656)\n\tat org.testng.Assert.assertEquals(Assert.java:666)\n\tat io.qameta.allure.examples.cucumber7.WebSteps.maybeThrowAssertionException(WebSteps.java:97)\n\tat io.qameta.allure.examples.cucumber7.WebSteps.notesShouldNotContainsNoteWithText(WebSteps.java:49)\n\tat ✽.I should not see note with content \"hello\"(file:///home/runner/work/allure-cucumber7-testng-gradle-kts/allure-cucumber7-testng-gradle-kts/src/test/resources/features/labels-web.feature:28)\n","flaky":false,"newFailed":false,"newBroken":false,"newPassed":false,"retriesCount":0,"retriesStatusChange":false,"beforeStages":[],"testStage":{"status":"failed","statusMessage":"expected [another text] but found [hello]","statusTrace":"java.lang.AssertionError: expected [another text] but found [hello]\n\tat org.testng.Assert.fail(Assert.java:111)\n\tat org.testng.Assert.failNotEquals(Assert.java:1578)\n\tat org.testng.Assert.assertEqualsImpl(Assert.java:150)\n\tat org.testng.Assert.assertEquals(Assert.java:132)\n\tat org.testng.Assert.assertEquals(Assert.java:656)\n\tat org.testng.Assert.assertEquals(Assert.java:666)\n\tat io.qameta.allure.examples.cucumber7.WebSteps.maybeThrowAssertionException(WebSteps.java:97)\n\tat io.qameta.allure.examples.cucumber7.WebSteps.notesShouldNotContainsNoteWithText(WebSteps.java:49)\n\tat ✽.I should not see note with content \"hello\"(file:///home/runner/work/allure-cucumber7-testng-gradle-kts/allure-cucumber7-testng-gradle-kts/src/test/resources/features/labels-web.feature:28)\n","steps":[{"name":"When  I open labels page","time":{"start":1693583860223,"stop":1693583860224,"duration":1},"status":"passed","steps":[],"attachments":[],"parameters":[],"stepsCount":0,"attachmentsCount":0,"shouldDisplayMessage":false,"hasContent":false},{"name":"And  I create label with title \"hello\"","time":{"start":1693583860224,"stop":1693583860225,"duration":1},"status":"passed","steps":[],"attachments":[],"parameters":[],"stepsCount":0,"attachmentsCount":0,"shouldDisplayMessage":false,"hasContent":false},{"name":"And  I delete label with title \"hello\"","time":{"start":1693583860225,"stop":1693583861226,"duration":1001},"status":"passed","steps":[],"attachments":[],"parameters":[],"stepsCount":0,"attachmentsCount":0,"shouldDisplayMessage":false,"hasContent":false},{"name":"Then  I should not see note with content \"hello\"","time":{"start":1693583861226,"stop":1693583862245,"duration":1019},"status":"failed","statusMessage":"expected [another text] but found [hello]","statusTrace":"java.lang.AssertionError: expected [another text] but found [hello]\n\tat org.testng.Assert.fail(Assert.java:111)\n\tat org.testng.Assert.failNotEquals(Assert.java:1578)\n\tat org.testng.Assert.assertEqualsImpl(Assert.java:150)\n\tat org.testng.Assert.assertEquals(Assert.java:132)\n\tat org.testng.Assert.assertEquals(Assert.java:656)\n\tat org.testng.Assert.assertEquals(Assert.java:666)\n\tat io.qameta.allure.examples.cucumber7.WebSteps.maybeThrowAssertionException(WebSteps.java:97)\n\tat io.qameta.allure.examples.cucumber7.WebSteps.notesShouldNotContainsNoteWithText(WebSteps.java:49)\n\tat ✽.I should not see note with content \"hello\"(file:///home/runner/work/allure-cucumber7-testng-gradle-kts/allure-cucumber7-testng-gradle-kts/src/test/resources/features/labels-web.feature:28)\n","steps":[],"attachments":[],"parameters":[],"stepsCount":0,"attachmentsCount":0,"shouldDisplayMessage":true,"hasContent":true}],"attachments":[],"parameters":[],"stepsCount":4,"attachmentsCount":0,"shouldDisplayMessage":false,"hasContent":true},"afterStages":[],"labels":[{"name":"tag","value":"smoke"},{"name":"tag","value":"allure.label.jira:AE-1"},{"name":"host","value":"fv-az392-747"},{"name":"thread","value":"2474@fv-az392-747.Test worker(1)"},{"name":"feature","value":"Labels"},{"name":"story","value":"Delete existing label for authorized user"},{"name":"suite","value":"Labels"},{"name":"testClass","value":"Delete existing label for authorized user"},{"name":"framework","value":"cucumber4jvm"},{"name":"language","value":"java"},{"name":"gherkin_uri","value":"file:///home/runner/work/allure-cucumber7-testng-gradle-kts/allure-cucumber7-testng-gradle-kts/src/test/resources/features/labels-web.feature"},{"name":"package","value":"src.test.resources.features.labels-web_feature.Labels"},{"name":"resultFormat","value":"allure2"}],"parameters":[],"links":[],"hidden":false,"retry":false,"extra":{"severity":"normal","retries":[],"categories":[{"name":"Product defects","matchedStatuses":[],"flaky":false}],"history":{"statistic":{"failed":2,"broken":1,"skipped":0,"passed":0,"unknown":0,"total":3},"items":[{"uid":"f59fb0b4d899faea","reportUrl":"https://allure-examples.github.io/allure-cucumber7-testng-gradle-kts/2//#testresult/f59fb0b4d899faea","status":"failed","statusDetails":"expected [another text] but found [hello]","time":{"start":1693580463118,"stop":1693580464159,"duration":1041}},{"uid":"bb8dac7b27d64e63","reportUrl":"https://allure-examples.github.io/allure-cucumber7-testng-gradle-kts/1//#testresult/bb8dac7b27d64e63","status":"broken","statusDetails":"Element not found for xpath [//div[@class='something']]","time":{"start":1693578843278,"stop":1693578843281,"duration":3}}]},"tags":["smoke","allure.label.jira:AE-1"]},"source":"26d765122583bef2.json","parameterValues":[]}